mkdir: created directory '/home/jonne/datasets/paranames/tacl-all-nodisamb-manual-script-std-above1'
mkdir: created directory '/home/jonne/datasets/paranames/tacl-all-nodisamb-manual-script-std-above1/combined'
mkdir: created directory '/home/jonne/datasets/paranames/tacl-all-nodisamb-manual-script-std-above1/extra_data'
Extract & clean everything for each type
[INFO] No languages being excluded.
[INFO] No languages being excluded.
[INFO] No languages being excluded.
Not disambiguating entity types!
Small language filtering complete
No. of rows, original: 125248153
No. of rows, filtered: 125248153
Rows removed = 0
No. of valid rows: 598905 / 125248153
No. of rows manually intervened: 0
Filtered names written to /home/jonne/datasets/paranames/tacl-all-nodisamb-manual-script-std-above1/extra_data/filtered_names.tsv
Combine everything into one big tsv
Destination: /home/jonne/datasets/paranames/tacl-all-nodisamb-manual-script-std-above1/combined_script_standardized_majority_vote.tsv
removed '/home/jonne/datasets/paranames/tacl-all-nodisamb-manual-script-std-above1/combined_script_standardized_majority_vote.tsv'
/home/jonne/datasets/paranames/tacl-all-nodisamb-manual-script-std-above1/bag not found. Creating with mkdir...
/home/jonne/datasets/paranames/tacl-all-nodisamb-manual-script-std-above1/bho not found. Creating with mkdir...
/home/jonne/datasets/paranames/tacl-all-nodisamb-manual-script-std-above1/gur not found. Creating with mkdir...
/home/jonne/datasets/paranames/tacl-all-nodisamb-manual-script-std-above1/nan not found. Creating with mkdir...
/home/jonne/datasets/paranames/tacl-all-nodisamb-manual-script-std-above1/roa-rup not found. Creating with mkdir...
/home/jonne/datasets/paranames/tacl-all-nodisamb-manual-script-std-above1/sgs not found. Creating with mkdir...
/home/jonne/datasets/paranames/tacl-all-nodisamb-manual-script-std-above1/vro not found. Creating with mkdir...
/home/jonne/datasets/paranames/tacl-all-nodisamb-manual-script-std-above1/yue not found. Creating with mkdir...
/home/jonne/datasets/paranames/tacl-all-nodisamb-manual-script-std-above1/bas not found. Creating with mkdir...
/home/jonne/datasets/paranames/tacl-all-nodisamb-manual-script-std-above1/bax not found. Creating with mkdir...
/home/jonne/datasets/paranames/tacl-all-nodisamb-manual-script-std-above1/bbj not found. Creating with mkdir...
/home/jonne/datasets/paranames/tacl-all-nodisamb-manual-script-std-above1/bkc not found. Creating with mkdir...
/home/jonne/datasets/paranames/tacl-all-nodisamb-manual-script-std-above1/bkh not found. Creating with mkdir...
/home/jonne/datasets/paranames/tacl-all-nodisamb-manual-script-std-above1/bkm not found. Creating with mkdir...
/home/jonne/datasets/paranames/tacl-all-nodisamb-manual-script-std-above1/eto not found. Creating with mkdir...
/home/jonne/datasets/paranames/tacl-all-nodisamb-manual-script-std-above1/ewo not found. Creating with mkdir...
/home/jonne/datasets/paranames/tacl-all-nodisamb-manual-script-std-above1/fmp not found. Creating with mkdir...
/home/jonne/datasets/paranames/tacl-all-nodisamb-manual-script-std-above1/mcn not found. Creating with mkdir...
renamed '/home/jonne/datasets/paranames/tacl-all-nodisamb-manual-script-std-above1/PER_script_standardized_majority_vote.tsv' -> '/home/jonne/datasets/paranames/tacl-all-nodisamb-manual-script-std-above1/combined/PER_script_standardized_majority_vote.tsv'
renamed '/home/jonne/datasets/paranames/tacl-all-nodisamb-manual-script-std-above1/PER.tsv' -> '/home/jonne/datasets/paranames/tacl-all-nodisamb-manual-script-std-above1/combined/PER.tsv'
renamed '/home/jonne/datasets/paranames/tacl-all-nodisamb-manual-script-std-above1/LOC_script_standardized_majority_vote.tsv' -> '/home/jonne/datasets/paranames/tacl-all-nodisamb-manual-script-std-above1/combined/LOC_script_standardized_majority_vote.tsv'
renamed '/home/jonne/datasets/paranames/tacl-all-nodisamb-manual-script-std-above1/LOC.tsv' -> '/home/jonne/datasets/paranames/tacl-all-nodisamb-manual-script-std-above1/combined/LOC.tsv'
renamed '/home/jonne/datasets/paranames/tacl-all-nodisamb-manual-script-std-above1/ORG_script_standardized_majority_vote.tsv' -> '/home/jonne/datasets/paranames/tacl-all-nodisamb-manual-script-std-above1/combined/ORG_script_standardized_majority_vote.tsv'
renamed '/home/jonne/datasets/paranames/tacl-all-nodisamb-manual-script-std-above1/ORG.tsv' -> '/home/jonne/datasets/paranames/tacl-all-nodisamb-manual-script-std-above1/combined/ORG.tsv'
renamed '/home/jonne/datasets/paranames/tacl-all-nodisamb-manual-script-std-above1/combined_postprocessed.tsv' -> '/home/jonne/datasets/paranames/tacl-all-nodisamb-manual-script-std-above1/combined/combined_postprocessed.tsv'
renamed '/home/jonne/datasets/paranames/tacl-all-nodisamb-manual-script-std-above1/combined_script_standardized_majority_vote.tsv' -> '/home/jonne/datasets/paranames/tacl-all-nodisamb-manual-script-std-above1/combined/combined_script_standardized_majority_vote.tsv'
